<?xml version="1.0" encoding="UTF-8"?>
<!-- Generated by org.testng.reporters.JUnitXMLReporter -->
<testsuite hostname="MicrosoftSurface" ignored="0" name="Test-Runner-1" tests="3" failures="0" timestamp="2021-08-26T11:03:20 IST" time="94.042" errors="0">
  <testcase name="createContactTest" time="11.507" classname="com.vtiger.comcast.contactstest.CreateContactTest"/>
  <testcase name="createContactWithImageTest" time="18.621" classname="com.vtiger.comcast.contactstest.CreateContactTest"/>
  <testcase name="createContactWithOrganizationNameTest" time="30.98" classname="com.vtiger.comcast.contactstest.CreateContactTest"/>
</testsuite> <!-- Test-Runner-1 -->
