<?xml version="1.0" encoding="UTF-8"?>
<!-- Generated by org.testng.reporters.JUnitReportReporter -->
<testsuite skipped="0" hostname="MicrosoftSurface" name="com.vtiger.comcast.contactstest.CreateContactTest" tests="3" failures="0" timestamp="2021-08-30T17:53:20 IST" time="115.204" errors="0">
  <testcase name="createContactTest" time="26.593" classname="com.vtiger.comcast.contactstest.CreateContactTest"/>
  <system-out/>
  <testcase name="createContactWithOrganizationNameTest" time="44.474" classname="com.vtiger.comcast.contactstest.CreateContactTest"/>
  <system-out/>
  <testcase name="createContactWithImageTest" time="44.137" classname="com.vtiger.comcast.contactstest.CreateContactTest"/>
  <system-out/>
</testsuite> <!-- com.vtiger.comcast.contactstest.CreateContactTest -->
