<?xml version="1.0" encoding="UTF-8"?>
<!-- Generated by org.testng.reporters.JUnitReportReporter -->
<testsuite skipped="0" hostname="MicrosoftSurface" name="com.vtiger.testNG.TestNGTest" tests="2" failures="0" timestamp="2021-08-24T10:24:18 IST" time="0.017" errors="0">
  <testcase name="dispaly" time="0.013" classname="com.vtiger.testNG.TestNGTest"/>
  <system-out/>
  <testcase name="sysDisplay" time="0.004" classname="com.vtiger.testNG.TestNGTest"/>
  <system-out/>
</testsuite> <!-- com.vtiger.testNG.TestNGTest -->
