<?xml version="1.0" encoding="UTF-8"?>
<!-- Generated by org.testng.reporters.JUnitReportReporter -->
<testsuite skipped="0" hostname="MicrosoftSurface" name="com.sample.createsampletest.Test2" tests="3" failures="0" timestamp="2021-08-24T16:55:24 IST" time="38.484" errors="0">
  <testcase name="sampleTest1" time="13.131" classname="com.sample.createsampletest.Test2"/>
  <system-out/>
  <testcase name="sampleTest3" time="12.592" classname="com.sample.createsampletest.Test2"/>
  <system-out/>
  <testcase name="sampleTest2" time="12.761" classname="com.sample.createsampletest.Test2"/>
  <system-out/>
</testsuite> <!-- com.sample.createsampletest.Test2 -->
