<?xml version="1.0" encoding="UTF-8"?>
<!-- Generated by org.testng.reporters.JUnitReportReporter -->
<testsuite skipped="0" hostname="MicrosoftSurface" name="com.vtiger.comcast.contactstest.TC_01_CreateContactUsingPomTest" tests="1" failures="0" timestamp="2021-08-23T11:23:24 IST" time="26.184" errors="0">
  <testcase name="createContact" time="26.184" classname="com.vtiger.comcast.contactstest.TC_01_CreateContactUsingPomTest"/>
  <system-out/>
</testsuite> <!-- com.vtiger.comcast.contactstest.TC_01_CreateContactUsingPomTest -->
