<?xml version="1.0" encoding="UTF-8"?>
<!-- Generated by org.testng.reporters.JUnitReportReporter -->
<testsuite skipped="0" hostname="MicrosoftSurface" name="com.sample.createsampletest.SampleTest" tests="2" failures="0" timestamp="2021-08-25T13:03:40 IST" time="12.269" errors="0">
  <testcase name="getOrgTitle" time="8.684" classname="com.sample.createsampletest.SampleTest"/>
  <system-out/>
  <testcase name="getHomeTitle" time="3.585" classname="com.sample.createsampletest.SampleTest"/>
  <system-out/>
</testsuite> <!-- com.sample.createsampletest.SampleTest -->
