<?xml version="1.0" encoding="UTF-8"?>
<!-- Generated by org.testng.reporters.JUnitReportReporter -->
<testsuite skipped="0" hostname="MicrosoftSurface" name="com.sample.createsampletest.Test1" tests="3" failures="0" timestamp="2021-08-24T17:51:08 IST" time="36.161" errors="0">
  <testcase name="sampleTest3" time="11.921" classname="com.sample.createsampletest.Test1"/>
  <system-out/>
  <testcase name="sampleTest2" time="11.918" classname="com.sample.createsampletest.Test1"/>
  <system-out/>
  <testcase name="sampleTest1" time="12.322" classname="com.sample.createsampletest.Test1"/>
  <system-out/>
</testsuite> <!-- com.sample.createsampletest.Test1 -->
