<?xml version="1.0" encoding="UTF-8"?>
<!-- Generated by org.testng.reporters.JUnitReportReporter -->
<testsuite skipped="0" hostname="MicrosoftSurface" name="com.vtiger.comcast.contactstest.TC_03_CreateNewContactUsingPomTest" tests="1" failures="0" timestamp="2021-08-23T10:21:11 IST" time="31.826" errors="0">
  <testcase name="createContactWithImage" time="31.826" classname="com.vtiger.comcast.contactstest.TC_03_CreateNewContactUsingPomTest"/>
  <system-out/>
</testsuite> <!-- com.vtiger.comcast.contactstest.TC_03_CreateNewContactUsingPomTest -->
