<?xml version="1.0" encoding="UTF-8"?>
<!-- Generated by org.testng.reporters.JUnitReportReporter -->
<testsuite skipped="0" hostname="MicrosoftSurface" name="com.vtiger.comcast.contactstest.CreateContactTest" tests="3" failures="0" timestamp="2021-08-27T16:48:48 IST" time="82.226" errors="0">
  <testcase name="createContactWithImageTest" time="24.288" classname="com.vtiger.comcast.contactstest.CreateContactTest"/>
  <system-out/>
  <testcase name="createContactWithOrganizationNameTest" time="37.658" classname="com.vtiger.comcast.contactstest.CreateContactTest"/>
  <system-out/>
  <testcase name="createContactTest" time="20.280" classname="com.vtiger.comcast.contactstest.CreateContactTest"/>
  <system-out/>
</testsuite> <!-- com.vtiger.comcast.contactstest.CreateContactTest -->
